2023-04-05 10:07:41,993 - WARNING - El usuario y/o la contraseña son incorrectos
2023-04-05 10:07:51,184 - WARNING - El usuario y/o la contraseña son incorrectos
2023-04-05 10:08:25,953 - WARNING - El usuario y/o la contraseña son incorrectos
2023-04-05 10:09:36,242 - WARNING - El usuario y/o la contraseña son incorrectos
2023-04-05 10:10:00,405 - WARNING - Error campos vacios
2023-04-05 10:10:43,648 - WARNING - El usuario y/o la contraseña son incorrectos
2023-04-05 10:20:45,772 - WARNING - El usuario y/o la contraseña son incorrectos
2023-04-05 10:24:29,712 - WARNING - El correo electrónico ya existe
2023-04-05 10:27:20,219 - WARNING - El correo electrónico ya existe
2023-04-05 10:27:33,867 - WARNING - El correo electrónico ya existe
2023-04-05 10:31:38,446 - WARNING - El correo electrónico ya existe
2023-04-05 10:37:39,538 - WARNING - El usuario y/o la contraseña son incorrectos
2023-04-05 11:30:46,280 - INFO - Producto agregado porJorge Antonio con id 1
2023-04-05 11:30:46,284 - ERROR - Could not build url for endpoint 'main.profile'. Did you mean 'productos.profile' instead? Error al agregar producto por Jorge Antonio con id 1
2023-04-05 11:31:51,054 - INFO - Producto agregado porJorge Antonio con id 1
2023-04-05 11:31:51,054 - ERROR - Could not build url for endpoint 'main.profile'. Did you mean 'productos.profile' instead? Error al agregar producto por Jorge Antonio con id 1
2023-04-05 11:33:29,804 - INFO - Producto agregado porJorge Antonio con id 1
2023-04-05 11:33:29,804 - ERROR - Could not build url for endpoint 'main.profile'. Did you mean 'productos.profile' instead? Error al agregar producto por Jorge Antonio con id 1
2023-04-05 11:35:43,388 - INFO - Producto agregado porJorge Antonio con id 1
2023-04-05 11:35:43,388 - ERROR - Could not build url for endpoint 'main.profile'. Did you mean 'productos.profile' instead? Error al agregar producto por Jorge Antonio con id 1
2023-04-05 11:37:30,234 - INFO - Producto agregado con id 1
2023-04-05 11:37:30,244 - ERROR - Could not build url for endpoint 'main.profile'. Did you mean 'productos.profile' instead? Error al agregar producto por Jorge Antonio con id 1
2023-04-05 11:38:40,243 - INFO - Producto agregado porJorge Antonio con id 1
2023-04-05 11:38:40,243 - ERROR - Could not build url for endpoint 'main.profile'. Did you mean 'productos.profile' instead? Error al agregar producto por Jorge Antonio con id 1
2023-04-05 11:39:06,493 - INFO - Producto agregado porJorge Antonio con id 1
2023-04-05 11:39:06,493 - ERROR - Could not build url for endpoint 'main.profile'. Did you mean 'productos.profile' instead? Error al agregar producto por Jorge Antonio con id 1
2023-04-05 11:40:12,746 - INFO - Producto agregado porJorge Antonio con id 1
2023-04-05 11:43:31,141 - INFO - Producto eliminado por Jorge Antonio con id 1
2023-04-05 11:43:57,360 - INFO - Producto eliminado por Jorge Antonio con id 1
2023-04-05 11:43:58,363 - INFO - Producto eliminado por Jorge Antonio con id 1
2023-04-05 11:43:59,713 - INFO - Producto eliminado por Jorge Antonio con id 1
2023-04-05 11:44:00,596 - INFO - Producto eliminado por Jorge Antonio con id 1
2023-04-05 11:44:01,186 - INFO - Producto eliminado por Jorge Antonio con id 1
2023-04-05 11:44:01,723 - INFO - Producto eliminado por Jorge Antonio con id 1
2023-04-05 11:44:02,806 - INFO - Producto eliminado por Jorge Antonio con id 1
2023-04-05 11:44:03,364 - INFO - Producto eliminado por Jorge Antonio con id 1
2023-04-05 11:47:14,250 - INFO - Producto modificado por Jorge Antonio con id 1
2023-04-05 14:58:53,235 - WARNING - El usuario y/o la contraseña son incorrectos
2023-04-06 10:26:55,392 - INFO - Producto agregado porJorge Antonio con id 1
2023-04-06 14:56:06,168 - INFO - Producto modificado por Jorge Antonio con id 1
2023-04-06 14:56:19,929 - INFO - Producto modificado por Jorge Antonio con id 1
2023-04-08 00:45:31,387 - ERROR - You tried to access the file 'image' in the request.files dictionary but it does not exist. The mimetype for the request is 'application/x-www-form-urlencoded' instead of 'multipart/form-data' which means that no file contents were transmitted. To fix this error you should provide enctype="multipart/form-data" in your form.

The browser instead transmitted some file names. This was submitted: 'escritorio.jpg' Error al agregar producto por Jonathan con id 1
2023-04-08 01:04:01,260 - ERROR - You tried to access the file 'image' in the request.files dictionary but it does not exist. The mimetype for the request is 'application/x-www-form-urlencoded' instead of 'multipart/form-data' which means that no file contents were transmitted. To fix this error you should provide enctype="multipart/form-data" in your form.

The browser instead transmitted some file names. This was submitted: 'escritorio.jpg' Error al agregar producto por Jonathan con id 1
2023-04-08 01:04:27,164 - INFO - Producto agregado porJonathan con id 1
2023-04-08 01:22:57,743 - ERROR - You tried to access the file 'image' in the request.files dictionary but it does not exist. The mimetype for the request is 'application/x-www-form-urlencoded' instead of 'multipart/form-data' which means that no file contents were transmitted. To fix this error you should provide enctype="multipart/form-data" in your form.

The browser instead transmitted some file names. This was submitted: ''
2023-04-08 01:30:50,658 - ERROR - 'NoneType' object has no attribute 'id'
2023-04-08 01:32:48,155 - ERROR - 'NoneType' object has no attribute 'id'
2023-04-08 01:33:11,169 - ERROR - 'NoneType' object has no attribute 'id'
2023-04-08 01:35:28,434 - ERROR - 'NoneType' object has no attribute 'id'
2023-04-08 01:36:02,885 - ERROR - 'NoneType' object has no attribute 'id'
2023-04-08 01:37:03,778 - INFO - Producto modificado por Jonathan con id 1
2023-04-08 01:37:20,542 - INFO - Producto modificado por Jonathan con id 1
2023-04-08 01:38:19,237 - ERROR - 'AnonymousUser' object has no attribute 'name'
2023-04-08 01:39:28,918 - INFO - Producto modificado por Jonathan con id 1
2023-04-08 01:39:42,043 - INFO - Producto modificado por Jonathan con id 1
2023-04-08 01:42:29,969 - ERROR - object of type 'FileStorage' has no len()
2023-04-08 01:42:50,634 - ERROR - object of type 'FileStorage' has no len()
2023-04-08 01:44:28,369 - ERROR - 'AnonymousUser' object has no attribute 'name'
2023-04-08 01:44:49,661 - INFO - Producto modificado por Jonathan con id 1
2023-04-08 01:45:48,771 - INFO - Producto modificado por Jonathan con id 1
2023-04-08 01:47:15,156 - INFO - Producto modificado por Jonathan con id 1
2023-04-08 01:47:27,025 - INFO - Producto modificado por Jonathan con id 1
2023-04-08 01:48:35,308 - INFO - Producto modificado por Jonathan con id 1
2023-04-08 01:49:58,913 - INFO - Producto modificado por Jonathan con id 1
2023-04-08 01:50:27,041 - INFO - Producto modificado por Jonathan con id 1
2023-04-08 01:52:19,753 - INFO - Producto modificado por Jonathan con id 1
2023-04-08 01:54:01,600 - INFO - Producto modificado por Jonathan con id 1
2023-04-08 01:54:18,819 - INFO - Producto modificado por Jonathan con id 1
2023-04-08 10:15:07,952 - INFO - Producto modificado por Jonathan con id 1
2023-04-08 10:23:38,673 - INFO - Producto agregado porJonathan con id 1
2023-04-08 10:24:47,025 - ERROR - (pymysql.err.OperationalError) (2013, 'Lost connection to MySQL server during query ([WinError 10053] Se ha anulado una conexión establecida por el software en su equipo host)')
[SQL: UPDATE producto SET image=%(image)s WHERE producto.id = %(producto_id)s]
[parameters: {'image': b'iVBORw0KGgoAAAANSUhEUgAABg4AAAQ4CAYAAADRkScxAAAACXBIWXMAAAsTAAALEwEAmpwYAAAAAXNSR0IArs4c6QAAAARnQU1BAACxjwv8YQUADxOUSURBVHgB7P3ZsyRJlt6JHVUz8+UuseZW ... (1317251 characters truncated) ... IwDgAAAAAAAAAAAAAAAAAAEAGxgEAAAAAAAAAAAAAAAAAADIwDgAAAAAAAAAAAAAAAAAAkIFxAAAAAAAAAAAAAAAAAACADIwDAAAAAAAAAAAAAAAAAABk/mdf+YIoVoBRxAAAAABJRU5ErkJggg==', 'producto_id': 2}]
(Background on this error at: https://sqlalche.me/e/20/e3q8)
2023-04-08 10:25:15,158 - INFO - Producto modificado por Jonathan con id 1
2023-04-08 10:26:30,019 - INFO - Producto modificado por Jonathan con id 1
2023-04-08 10:26:50,437 - INFO - Producto modificado por Jonathan con id 1
2023-04-08 10:29:21,997 - INFO - Producto agregado porJonathan con id 1
2023-04-08 10:29:41,476 - INFO - Producto modificado por Jonathan con id 1
2023-04-08 10:29:53,280 - INFO - Producto modificado por Jonathan con id 1
2023-04-08 10:31:04,149 - INFO - Producto modificado por Jonathan con id 1
2023-04-08 10:32:03,436 - INFO - Producto agregado porJonathan con id 1
2023-04-08 10:32:27,513 - INFO - Producto eliminado por Jonathan con id 1
